2022-04-05 00:15:33.379  INFO 27536 --- [main] com.mar.MainApplication                  : Starting MainApplication using Java 17.0.2 on DESKTOP-2N3PEKS with PID 27536 (E:\ideaprojects\second-hand-marked\second-hand-marked\target\classes started by guokaifeng in E:\ideaprojects\second-hand-marked\second-hand-marked)
2022-04-05 00:15:33.382  INFO 27536 --- [main] com.mar.MainApplication                  : No active profile set, falling back to default profiles: default
2022-04-05 00:15:33.762  INFO 27536 --- [main] .s.d.r.c.RepositoryConfigurationDelegate : Multiple Spring Data modules found, entering strict repository configuration mode!
2022-04-05 00:15:33.770  INFO 27536 --- [main] .s.d.r.c.RepositoryConfigurationDelegate : Bootstrapping Spring Data JDBC repositories in DEFAULT mode.
2022-04-05 00:15:33.777  INFO 27536 --- [main] .s.d.r.c.RepositoryConfigurationDelegate : Finished Spring Data repository scanning in 4 ms. Found 0 JDBC repository interfaces.
2022-04-05 00:15:33.784  INFO 27536 --- [main] .s.d.r.c.RepositoryConfigurationDelegate : Multiple Spring Data modules found, entering strict repository configuration mode!
2022-04-05 00:15:33.785  INFO 27536 --- [main] .s.d.r.c.RepositoryConfigurationDelegate : Bootstrapping Spring Data Redis repositories in DEFAULT mode.
2022-04-05 00:15:33.791  INFO 27536 --- [main] .s.d.r.c.RepositoryConfigurationDelegate : Finished Spring Data repository scanning in 1 ms. Found 0 Redis repository interfaces.
2022-04-05 00:15:34.075  INFO 27536 --- [main] o.s.b.w.embedded.tomcat.TomcatWebServer  : Tomcat initialized with port(s): 8080 (http)
2022-04-05 00:15:34.081  INFO 27536 --- [main] o.apache.catalina.core.StandardService   : Starting service [Tomcat]
2022-04-05 00:15:34.081  INFO 27536 --- [main] org.apache.catalina.core.StandardEngine  : Starting Servlet engine: [Apache Tomcat/9.0.56]
2022-04-05 00:15:34.132  INFO 27536 --- [main] o.a.c.c.C.[Tomcat].[localhost].[/]       : Initializing Spring embedded WebApplicationContext
2022-04-05 00:15:34.133  INFO 27536 --- [main] w.s.c.ServletWebServerApplicationContext : Root WebApplicationContext: initialization completed in 726 ms
2022-04-05 00:15:34.206  INFO 27536 --- [main] com.zaxxer.hikari.HikariDataSource       : HikariPool-1 - Starting...
2022-04-05 00:15:34.581  INFO 27536 --- [main] com.zaxxer.hikari.HikariDataSource       : HikariPool-1 - Start completed.
2022-04-05 00:15:35.035  WARN 27536 --- [main] ConfigServletWebServerApplicationContext : Exception encountered during context initialization - cancelling refresh attempt: org.springframework.context.ApplicationContextException: Failed to start bean 'webServerStartStop'; nested exception is org.springframework.boot.web.server.PortInUseException: Port 8080 is already in use
2022-04-05 00:15:35.043  INFO 27536 --- [main] com.zaxxer.hikari.HikariDataSource       : HikariPool-1 - Shutdown initiated...
2022-04-05 00:15:35.104  INFO 27536 --- [main] com.zaxxer.hikari.HikariDataSource       : HikariPool-1 - Shutdown completed.
2022-04-05 00:15:35.106  INFO 27536 --- [main] o.apache.catalina.core.StandardService   : Stopping service [Tomcat]
2022-04-05 00:15:35.113  INFO 27536 --- [main] ConditionEvaluationReportLoggingListener : 

Error starting ApplicationContext. To display the conditions report re-run your application with 'debug' enabled.
2022-04-05 00:15:35.120 ERROR 27536 --- [main] o.s.b.d.LoggingFailureAnalysisReporter   : 

***************************
APPLICATION FAILED TO START
***************************

Description:

Web server failed to start. Port 8080 was already in use.

Action:

Identify and stop the process that's listening on port 8080 or configure this application to listen on another port.

2022-04-05 00:15:50.321  INFO 10416 --- [main] com.mar.MainApplication                  : Starting MainApplication using Java 17.0.2 on DESKTOP-2N3PEKS with PID 10416 (E:\ideaprojects\second-hand-marked\second-hand-marked\target\classes started by guokaifeng in E:\ideaprojects\second-hand-marked\second-hand-marked)
2022-04-05 00:15:50.323  INFO 10416 --- [main] com.mar.MainApplication                  : No active profile set, falling back to default profiles: default
2022-04-05 00:15:50.633  INFO 10416 --- [main] .s.d.r.c.RepositoryConfigurationDelegate : Multiple Spring Data modules found, entering strict repository configuration mode!
2022-04-05 00:15:50.633  INFO 10416 --- [main] .s.d.r.c.RepositoryConfigurationDelegate : Bootstrapping Spring Data JDBC repositories in DEFAULT mode.
2022-04-05 00:15:50.639  INFO 10416 --- [main] .s.d.r.c.RepositoryConfigurationDelegate : Finished Spring Data repository scanning in 3 ms. Found 0 JDBC repository interfaces.
2022-04-05 00:15:50.645  INFO 10416 --- [main] .s.d.r.c.RepositoryConfigurationDelegate : Multiple Spring Data modules found, entering strict repository configuration mode!
2022-04-05 00:15:50.646  INFO 10416 --- [main] .s.d.r.c.RepositoryConfigurationDelegate : Bootstrapping Spring Data Redis repositories in DEFAULT mode.
2022-04-05 00:15:50.651  INFO 10416 --- [main] .s.d.r.c.RepositoryConfigurationDelegate : Finished Spring Data repository scanning in 1 ms. Found 0 Redis repository interfaces.
2022-04-05 00:15:50.899  INFO 10416 --- [main] o.s.b.w.embedded.tomcat.TomcatWebServer  : Tomcat initialized with port(s): 8080 (http)
2022-04-05 00:15:50.905  INFO 10416 --- [main] o.apache.catalina.core.StandardService   : Starting service [Tomcat]
2022-04-05 00:15:50.905  INFO 10416 --- [main] org.apache.catalina.core.StandardEngine  : Starting Servlet engine: [Apache Tomcat/9.0.56]
2022-04-05 00:15:50.953  INFO 10416 --- [main] o.a.c.c.C.[Tomcat].[localhost].[/]       : Initializing Spring embedded WebApplicationContext
2022-04-05 00:15:50.953  INFO 10416 --- [main] w.s.c.ServletWebServerApplicationContext : Root WebApplicationContext: initialization completed in 605 ms
2022-04-05 00:15:51.024  INFO 10416 --- [main] com.zaxxer.hikari.HikariDataSource       : HikariPool-1 - Starting...
2022-04-05 00:15:51.416  INFO 10416 --- [main] com.zaxxer.hikari.HikariDataSource       : HikariPool-1 - Start completed.
2022-04-05 00:15:51.819  INFO 10416 --- [main] o.s.b.w.embedded.tomcat.TomcatWebServer  : Tomcat started on port(s): 8080 (http) with context path ''
2022-04-05 00:15:51.825  INFO 10416 --- [main] com.mar.MainApplication                  : Started MainApplication in 1.722 seconds (JVM running for 2.052)
2022-04-05 00:15:54.422  INFO 10416 --- [SpringApplicationShutdownHook] com.zaxxer.hikari.HikariDataSource       : HikariPool-1 - Shutdown initiated...
2022-04-05 00:15:54.643  INFO 10416 --- [SpringApplicationShutdownHook] com.zaxxer.hikari.HikariDataSource       : HikariPool-1 - Shutdown completed.
2022-04-05 00:20:29.113  INFO 21732 --- [main] com.guo.TotalTest                        : Starting TotalTest using Java 17.0.2 on DESKTOP-2N3PEKS with PID 21732 (started by guokaifeng in E:\ideaprojects\second-hand-marked\second-hand-marked)
2022-04-05 00:20:29.113 DEBUG 21732 --- [main] com.guo.TotalTest                        : Running with Spring Boot v2.6.3, Spring v5.3.15
2022-04-05 00:20:29.113  INFO 21732 --- [main] com.guo.TotalTest                        : No active profile set, falling back to default profiles: default
2022-04-05 00:20:29.658  INFO 21732 --- [main] .s.d.r.c.RepositoryConfigurationDelegate : Multiple Spring Data modules found, entering strict repository configuration mode!
2022-04-05 00:20:29.659  INFO 21732 --- [main] .s.d.r.c.RepositoryConfigurationDelegate : Bootstrapping Spring Data JDBC repositories in DEFAULT mode.
2022-04-05 00:20:29.668  INFO 21732 --- [main] .s.d.r.c.RepositoryConfigurationDelegate : Finished Spring Data repository scanning in 5 ms. Found 0 JDBC repository interfaces.
2022-04-05 00:20:29.676  INFO 21732 --- [main] .s.d.r.c.RepositoryConfigurationDelegate : Multiple Spring Data modules found, entering strict repository configuration mode!
2022-04-05 00:20:29.677  INFO 21732 --- [main] .s.d.r.c.RepositoryConfigurationDelegate : Bootstrapping Spring Data Redis repositories in DEFAULT mode.
2022-04-05 00:20:29.690  INFO 21732 --- [main] .s.d.r.c.RepositoryConfigurationDelegate : Finished Spring Data repository scanning in 2 ms. Found 0 Redis repository interfaces.
2022-04-05 00:20:30.079  INFO 21732 --- [main] com.zaxxer.hikari.HikariDataSource       : HikariPool-1 - Starting...
2022-04-05 00:20:30.548  INFO 21732 --- [main] com.zaxxer.hikari.HikariDataSource       : HikariPool-1 - Start completed.
2022-04-05 00:20:31.659  INFO 21732 --- [main] com.guo.TotalTest                        : Started TotalTest in 2.787 seconds (JVM running for 3.282)
2022-04-05 00:20:32.022 ERROR 21732 --- [main] com.mar.exception.DatabaseException      : 用户数据查询失败
2022-04-05 00:20:32.047  INFO 21732 --- [SpringApplicationShutdownHook] com.zaxxer.hikari.HikariDataSource       : HikariPool-1 - Shutdown initiated...
2022-04-05 00:20:32.259  INFO 21732 --- [SpringApplicationShutdownHook] com.zaxxer.hikari.HikariDataSource       : HikariPool-1 - Shutdown completed.
2022-04-05 00:23:57.537  INFO 7216 --- [main] com.mar.MainApplication                  : Starting MainApplication using Java 17.0.2 on DESKTOP-2N3PEKS with PID 7216 (E:\ideaprojects\second-hand-marked\second-hand-marked\target\classes started by guokaifeng in E:\ideaprojects\second-hand-marked\second-hand-marked)
2022-04-05 00:23:57.538  INFO 7216 --- [main] com.mar.MainApplication                  : No active profile set, falling back to default profiles: default
2022-04-05 00:23:57.849  INFO 7216 --- [main] .s.d.r.c.RepositoryConfigurationDelegate : Multiple Spring Data modules found, entering strict repository configuration mode!
2022-04-05 00:23:57.850  INFO 7216 --- [main] .s.d.r.c.RepositoryConfigurationDelegate : Bootstrapping Spring Data JDBC repositories in DEFAULT mode.
2022-04-05 00:23:57.856  INFO 7216 --- [main] .s.d.r.c.RepositoryConfigurationDelegate : Finished Spring Data repository scanning in 3 ms. Found 0 JDBC repository interfaces.
2022-04-05 00:23:57.862  INFO 7216 --- [main] .s.d.r.c.RepositoryConfigurationDelegate : Multiple Spring Data modules found, entering strict repository configuration mode!
2022-04-05 00:23:57.862  INFO 7216 --- [main] .s.d.r.c.RepositoryConfigurationDelegate : Bootstrapping Spring Data Redis repositories in DEFAULT mode.
2022-04-05 00:23:57.868  INFO 7216 --- [main] .s.d.r.c.RepositoryConfigurationDelegate : Finished Spring Data repository scanning in 1 ms. Found 0 Redis repository interfaces.
2022-04-05 00:23:58.116  INFO 7216 --- [main] o.s.b.w.embedded.tomcat.TomcatWebServer  : Tomcat initialized with port(s): 8080 (http)
2022-04-05 00:23:58.121  INFO 7216 --- [main] o.apache.catalina.core.StandardService   : Starting service [Tomcat]
2022-04-05 00:23:58.121  INFO 7216 --- [main] org.apache.catalina.core.StandardEngine  : Starting Servlet engine: [Apache Tomcat/9.0.56]
2022-04-05 00:23:58.168  INFO 7216 --- [main] o.a.c.c.C.[Tomcat].[localhost].[/]       : Initializing Spring embedded WebApplicationContext
2022-04-05 00:23:58.168  INFO 7216 --- [main] w.s.c.ServletWebServerApplicationContext : Root WebApplicationContext: initialization completed in 607 ms
2022-04-05 00:23:58.239  INFO 7216 --- [main] com.zaxxer.hikari.HikariDataSource       : HikariPool-1 - Starting...
2022-04-05 00:23:58.581  INFO 7216 --- [main] com.zaxxer.hikari.HikariDataSource       : HikariPool-1 - Start completed.
2022-04-05 00:23:59.002  INFO 7216 --- [main] o.s.b.w.embedded.tomcat.TomcatWebServer  : Tomcat started on port(s): 8080 (http) with context path ''
2022-04-05 00:23:59.008  INFO 7216 --- [main] com.mar.MainApplication                  : Started MainApplication in 1.702 seconds (JVM running for 2.081)
2022-04-05 00:25:23.528  INFO 7216 --- [http-nio-8080-exec-1] o.a.c.c.C.[Tomcat].[localhost].[/]       : Initializing Spring DispatcherServlet 'dispatcherServlet'
2022-04-05 00:25:23.528  INFO 7216 --- [http-nio-8080-exec-1] o.s.web.servlet.DispatcherServlet        : Initializing Servlet 'dispatcherServlet'
2022-04-05 00:25:23.528  INFO 7216 --- [http-nio-8080-exec-1] o.s.web.servlet.DispatcherServlet        : Completed initialization in 0 ms
2022-04-05 00:25:23.705 ERROR 7216 --- [http-nio-8080-exec-1] com.mar.exception.DatabaseException      : 用户数据查询失败
2022-04-05 00:26:45.828  INFO 7216 --- [SpringApplicationShutdownHook] com.zaxxer.hikari.HikariDataSource       : HikariPool-1 - Shutdown initiated...
2022-04-05 00:26:46.030  INFO 7216 --- [SpringApplicationShutdownHook] com.zaxxer.hikari.HikariDataSource       : HikariPool-1 - Shutdown completed.
2022-04-05 00:26:49.227  INFO 9412 --- [main] com.mar.MainApplication                  : Starting MainApplication using Java 17.0.2 on DESKTOP-2N3PEKS with PID 9412 (E:\ideaprojects\second-hand-marked\second-hand-marked\target\classes started by guokaifeng in E:\ideaprojects\second-hand-marked\second-hand-marked)
2022-04-05 00:26:49.228  INFO 9412 --- [main] com.mar.MainApplication                  : No active profile set, falling back to default profiles: default
2022-04-05 00:26:49.600  INFO 9412 --- [main] .s.d.r.c.RepositoryConfigurationDelegate : Multiple Spring Data modules found, entering strict repository configuration mode!
2022-04-05 00:26:49.601  INFO 9412 --- [main] .s.d.r.c.RepositoryConfigurationDelegate : Bootstrapping Spring Data JDBC repositories in DEFAULT mode.
2022-04-05 00:26:49.607  INFO 9412 --- [main] .s.d.r.c.RepositoryConfigurationDelegate : Finished Spring Data repository scanning in 4 ms. Found 0 JDBC repository interfaces.
2022-04-05 00:26:49.614  INFO 9412 --- [main] .s.d.r.c.RepositoryConfigurationDelegate : Multiple Spring Data modules found, entering strict repository configuration mode!
2022-04-05 00:26:49.615  INFO 9412 --- [main] .s.d.r.c.RepositoryConfigurationDelegate : Bootstrapping Spring Data Redis repositories in DEFAULT mode.
2022-04-05 00:26:49.620  INFO 9412 --- [main] .s.d.r.c.RepositoryConfigurationDelegate : Finished Spring Data repository scanning in 1 ms. Found 0 Redis repository interfaces.
2022-04-05 00:26:49.897  INFO 9412 --- [main] o.s.b.w.embedded.tomcat.TomcatWebServer  : Tomcat initialized with port(s): 8080 (http)
2022-04-05 00:26:49.902  INFO 9412 --- [main] o.apache.catalina.core.StandardService   : Starting service [Tomcat]
2022-04-05 00:26:49.902  INFO 9412 --- [main] org.apache.catalina.core.StandardEngine  : Starting Servlet engine: [Apache Tomcat/9.0.56]
2022-04-05 00:26:49.953  INFO 9412 --- [main] o.a.c.c.C.[Tomcat].[localhost].[/]       : Initializing Spring embedded WebApplicationContext
2022-04-05 00:26:49.953  INFO 9412 --- [main] w.s.c.ServletWebServerApplicationContext : Root WebApplicationContext: initialization completed in 695 ms
2022-04-05 00:26:50.024  INFO 9412 --- [main] com.zaxxer.hikari.HikariDataSource       : HikariPool-1 - Starting...
2022-04-05 00:26:50.400  INFO 9412 --- [main] com.zaxxer.hikari.HikariDataSource       : HikariPool-1 - Start completed.
2022-04-05 00:26:50.829  INFO 9412 --- [main] o.s.b.w.embedded.tomcat.TomcatWebServer  : Tomcat started on port(s): 8080 (http) with context path ''
2022-04-05 00:26:50.836  INFO 9412 --- [main] com.mar.MainApplication                  : Started MainApplication in 1.878 seconds (JVM running for 2.251)
2022-04-05 00:26:51.179  INFO 9412 --- [http-nio-8080-exec-1] o.a.c.c.C.[Tomcat].[localhost].[/]       : Initializing Spring DispatcherServlet 'dispatcherServlet'
2022-04-05 00:26:51.179  INFO 9412 --- [http-nio-8080-exec-1] o.s.web.servlet.DispatcherServlet        : Initializing Servlet 'dispatcherServlet'
2022-04-05 00:26:51.180  INFO 9412 --- [http-nio-8080-exec-1] o.s.web.servlet.DispatcherServlet        : Completed initialization in 1 ms
2022-04-05 00:26:51.353 ERROR 9412 --- [http-nio-8080-exec-1] com.mar.exception.DatabaseException      : 用户数据查询失败
2022-04-05 00:26:56.896 ERROR 9412 --- [http-nio-8080-exec-2] com.mar.exception.DatabaseException      : 用户数据查询失败
2022-04-05 00:27:07.321  INFO 9412 --- [SpringApplicationShutdownHook] com.zaxxer.hikari.HikariDataSource       : HikariPool-1 - Shutdown initiated...
2022-04-05 00:27:07.559  INFO 9412 --- [SpringApplicationShutdownHook] com.zaxxer.hikari.HikariDataSource       : HikariPool-1 - Shutdown completed.
2022-04-05 00:27:10.713  INFO 8028 --- [main] com.mar.MainApplication                  : Starting MainApplication using Java 17.0.2 on DESKTOP-2N3PEKS with PID 8028 (E:\ideaprojects\second-hand-marked\second-hand-marked\target\classes started by guokaifeng in E:\ideaprojects\second-hand-marked\second-hand-marked)
2022-04-05 00:27:10.714  INFO 8028 --- [main] com.mar.MainApplication                  : No active profile set, falling back to default profiles: default
2022-04-05 00:27:11.055  INFO 8028 --- [main] .s.d.r.c.RepositoryConfigurationDelegate : Multiple Spring Data modules found, entering strict repository configuration mode!
2022-04-05 00:27:11.056  INFO 8028 --- [main] .s.d.r.c.RepositoryConfigurationDelegate : Bootstrapping Spring Data JDBC repositories in DEFAULT mode.
2022-04-05 00:27:11.062  INFO 8028 --- [main] .s.d.r.c.RepositoryConfigurationDelegate : Finished Spring Data repository scanning in 3 ms. Found 0 JDBC repository interfaces.
2022-04-05 00:27:11.068  INFO 8028 --- [main] .s.d.r.c.RepositoryConfigurationDelegate : Multiple Spring Data modules found, entering strict repository configuration mode!
2022-04-05 00:27:11.069  INFO 8028 --- [main] .s.d.r.c.RepositoryConfigurationDelegate : Bootstrapping Spring Data Redis repositories in DEFAULT mode.
2022-04-05 00:27:11.074  INFO 8028 --- [main] .s.d.r.c.RepositoryConfigurationDelegate : Finished Spring Data repository scanning in 1 ms. Found 0 Redis repository interfaces.
2022-04-05 00:27:11.327  INFO 8028 --- [main] o.s.b.w.embedded.tomcat.TomcatWebServer  : Tomcat initialized with port(s): 8080 (http)
2022-04-05 00:27:11.332  INFO 8028 --- [main] o.apache.catalina.core.StandardService   : Starting service [Tomcat]
2022-04-05 00:27:11.332  INFO 8028 --- [main] org.apache.catalina.core.StandardEngine  : Starting Servlet engine: [Apache Tomcat/9.0.56]
2022-04-05 00:27:11.379  INFO 8028 --- [main] o.a.c.c.C.[Tomcat].[localhost].[/]       : Initializing Spring embedded WebApplicationContext
2022-04-05 00:27:11.379  INFO 8028 --- [main] w.s.c.ServletWebServerApplicationContext : Root WebApplicationContext: initialization completed in 632 ms
2022-04-05 00:27:11.452  INFO 8028 --- [main] com.zaxxer.hikari.HikariDataSource       : HikariPool-1 - Starting...
2022-04-05 00:27:11.813  INFO 8028 --- [main] com.zaxxer.hikari.HikariDataSource       : HikariPool-1 - Start completed.
2022-04-05 00:27:12.221  INFO 8028 --- [main] o.s.b.w.embedded.tomcat.TomcatWebServer  : Tomcat started on port(s): 8080 (http) with context path ''
2022-04-05 00:27:12.227  INFO 8028 --- [main] com.mar.MainApplication                  : Started MainApplication in 1.782 seconds (JVM running for 2.145)
2022-04-05 00:27:15.523  INFO 8028 --- [http-nio-8080-exec-1] o.a.c.c.C.[Tomcat].[localhost].[/]       : Initializing Spring DispatcherServlet 'dispatcherServlet'
2022-04-05 00:27:15.524  INFO 8028 --- [http-nio-8080-exec-1] o.s.web.servlet.DispatcherServlet        : Initializing Servlet 'dispatcherServlet'
2022-04-05 00:27:15.524  INFO 8028 --- [http-nio-8080-exec-1] o.s.web.servlet.DispatcherServlet        : Completed initialization in 0 ms
2022-04-05 00:27:15.689 ERROR 8028 --- [http-nio-8080-exec-1] com.mar.exception.DatabaseException      : 用户数据查询失败
2022-04-05 00:33:42.220  INFO 8028 --- [SpringApplicationShutdownHook] com.zaxxer.hikari.HikariDataSource       : HikariPool-1 - Shutdown initiated...
2022-04-05 00:33:52.225  INFO 8028 --- [SpringApplicationShutdownHook] com.zaxxer.hikari.HikariDataSource       : HikariPool-1 - Shutdown completed.
2022-04-05 00:33:55.827  INFO 25604 --- [main] com.mar.MainApplication                  : Starting MainApplication using Java 17.0.2 on DESKTOP-2N3PEKS with PID 25604 (E:\ideaprojects\second-hand-marked\second-hand-marked\target\classes started by guokaifeng in E:\ideaprojects\second-hand-marked\second-hand-marked)
2022-04-05 00:33:55.828  INFO 25604 --- [main] com.mar.MainApplication                  : No active profile set, falling back to default profiles: default
2022-04-05 00:33:56.148  INFO 25604 --- [main] .s.d.r.c.RepositoryConfigurationDelegate : Multiple Spring Data modules found, entering strict repository configuration mode!
2022-04-05 00:33:56.149  INFO 25604 --- [main] .s.d.r.c.RepositoryConfigurationDelegate : Bootstrapping Spring Data JDBC repositories in DEFAULT mode.
2022-04-05 00:33:56.155  INFO 25604 --- [main] .s.d.r.c.RepositoryConfigurationDelegate : Finished Spring Data repository scanning in 3 ms. Found 0 JDBC repository interfaces.
2022-04-05 00:33:56.161  INFO 25604 --- [main] .s.d.r.c.RepositoryConfigurationDelegate : Multiple Spring Data modules found, entering strict repository configuration mode!
2022-04-05 00:33:56.161  INFO 25604 --- [main] .s.d.r.c.RepositoryConfigurationDelegate : Bootstrapping Spring Data Redis repositories in DEFAULT mode.
2022-04-05 00:33:56.167  INFO 25604 --- [main] .s.d.r.c.RepositoryConfigurationDelegate : Finished Spring Data repository scanning in 1 ms. Found 0 Redis repository interfaces.
2022-04-05 00:33:56.421  INFO 25604 --- [main] o.s.b.w.embedded.tomcat.TomcatWebServer  : Tomcat initialized with port(s): 8080 (http)
2022-04-05 00:33:56.427  INFO 25604 --- [main] o.apache.catalina.core.StandardService   : Starting service [Tomcat]
2022-04-05 00:33:56.427  INFO 25604 --- [main] org.apache.catalina.core.StandardEngine  : Starting Servlet engine: [Apache Tomcat/9.0.56]
2022-04-05 00:33:56.478  INFO 25604 --- [main] o.a.c.c.C.[Tomcat].[localhost].[/]       : Initializing Spring embedded WebApplicationContext
2022-04-05 00:33:56.478  INFO 25604 --- [main] w.s.c.ServletWebServerApplicationContext : Root WebApplicationContext: initialization completed in 628 ms
2022-04-05 00:33:56.548  INFO 25604 --- [main] com.zaxxer.hikari.HikariDataSource       : HikariPool-1 - Starting...
2022-04-05 00:33:56.887  INFO 25604 --- [main] com.zaxxer.hikari.HikariDataSource       : HikariPool-1 - Start completed.
2022-04-05 00:33:57.312  INFO 25604 --- [main] o.s.b.w.embedded.tomcat.TomcatWebServer  : Tomcat started on port(s): 8080 (http) with context path ''
2022-04-05 00:33:57.319  INFO 25604 --- [main] com.mar.MainApplication                  : Started MainApplication in 1.724 seconds (JVM running for 2.061)
2022-04-05 00:33:58.502  INFO 25604 --- [http-nio-8080-exec-1] o.a.c.c.C.[Tomcat].[localhost].[/]       : Initializing Spring DispatcherServlet 'dispatcherServlet'
2022-04-05 00:33:58.503  INFO 25604 --- [http-nio-8080-exec-1] o.s.web.servlet.DispatcherServlet        : Initializing Servlet 'dispatcherServlet'
2022-04-05 00:33:58.503  INFO 25604 --- [http-nio-8080-exec-1] o.s.web.servlet.DispatcherServlet        : Completed initialization in 0 ms
2022-04-05 00:34:53.132  INFO 25604 --- [SpringApplicationShutdownHook] com.zaxxer.hikari.HikariDataSource       : HikariPool-1 - Shutdown initiated...
2022-04-05 00:34:53.343  INFO 25604 --- [SpringApplicationShutdownHook] com.zaxxer.hikari.HikariDataSource       : HikariPool-1 - Shutdown completed.
2022-04-05 00:34:56.400  INFO 1688 --- [main] com.mar.MainApplication                  : Starting MainApplication using Java 17.0.2 on DESKTOP-2N3PEKS with PID 1688 (E:\ideaprojects\second-hand-marked\second-hand-marked\target\classes started by guokaifeng in E:\ideaprojects\second-hand-marked\second-hand-marked)
2022-04-05 00:34:56.401  INFO 1688 --- [main] com.mar.MainApplication                  : No active profile set, falling back to default profiles: default
2022-04-05 00:34:56.709  INFO 1688 --- [main] .s.d.r.c.RepositoryConfigurationDelegate : Multiple Spring Data modules found, entering strict repository configuration mode!
2022-04-05 00:34:56.710  INFO 1688 --- [main] .s.d.r.c.RepositoryConfigurationDelegate : Bootstrapping Spring Data JDBC repositories in DEFAULT mode.
2022-04-05 00:34:56.716  INFO 1688 --- [main] .s.d.r.c.RepositoryConfigurationDelegate : Finished Spring Data repository scanning in 3 ms. Found 0 JDBC repository interfaces.
2022-04-05 00:34:56.721  INFO 1688 --- [main] .s.d.r.c.RepositoryConfigurationDelegate : Multiple Spring Data modules found, entering strict repository configuration mode!
2022-04-05 00:34:56.722  INFO 1688 --- [main] .s.d.r.c.RepositoryConfigurationDelegate : Bootstrapping Spring Data Redis repositories in DEFAULT mode.
2022-04-05 00:34:56.727  INFO 1688 --- [main] .s.d.r.c.RepositoryConfigurationDelegate : Finished Spring Data repository scanning in 1 ms. Found 0 Redis repository interfaces.
2022-04-05 00:34:56.970  INFO 1688 --- [main] o.s.b.w.embedded.tomcat.TomcatWebServer  : Tomcat initialized with port(s): 8080 (http)
2022-04-05 00:34:56.974  INFO 1688 --- [main] o.apache.catalina.core.StandardService   : Starting service [Tomcat]
2022-04-05 00:34:56.975  INFO 1688 --- [main] org.apache.catalina.core.StandardEngine  : Starting Servlet engine: [Apache Tomcat/9.0.56]
2022-04-05 00:34:57.022  INFO 1688 --- [main] o.a.c.c.C.[Tomcat].[localhost].[/]       : Initializing Spring embedded WebApplicationContext
2022-04-05 00:34:57.022  INFO 1688 --- [main] w.s.c.ServletWebServerApplicationContext : Root WebApplicationContext: initialization completed in 599 ms
2022-04-05 00:34:57.090  INFO 1688 --- [main] com.zaxxer.hikari.HikariDataSource       : HikariPool-1 - Starting...
2022-04-05 00:34:57.470  INFO 1688 --- [main] com.zaxxer.hikari.HikariDataSource       : HikariPool-1 - Start completed.
2022-04-05 00:34:57.897  INFO 1688 --- [main] o.s.b.w.embedded.tomcat.TomcatWebServer  : Tomcat started on port(s): 8080 (http) with context path ''
2022-04-05 00:34:57.904  INFO 1688 --- [main] com.mar.MainApplication                  : Started MainApplication in 1.718 seconds (JVM running for 2.059)
2022-04-05 00:34:57.991  INFO 1688 --- [http-nio-8080-exec-1] o.a.c.c.C.[Tomcat].[localhost].[/]       : Initializing Spring DispatcherServlet 'dispatcherServlet'
2022-04-05 00:34:57.991  INFO 1688 --- [http-nio-8080-exec-1] o.s.web.servlet.DispatcherServlet        : Initializing Servlet 'dispatcherServlet'
2022-04-05 00:34:57.992  INFO 1688 --- [http-nio-8080-exec-1] o.s.web.servlet.DispatcherServlet        : Completed initialization in 1 ms
2022-04-05 00:36:48.048  INFO 1688 --- [SpringApplicationShutdownHook] com.zaxxer.hikari.HikariDataSource       : HikariPool-1 - Shutdown initiated...
2022-04-05 00:36:48.263  INFO 1688 --- [SpringApplicationShutdownHook] com.zaxxer.hikari.HikariDataSource       : HikariPool-1 - Shutdown completed.
2022-04-05 16:22:56.906  INFO 26100 --- [main] com.mar.MainApplication                  : Starting MainApplication using Java 17.0.2 on DESKTOP-2N3PEKS with PID 26100 (E:\ideaprojects\second-hand-marked\second-hand-marked\target\classes started by guokaifeng in E:\ideaprojects\second-hand-marked\second-hand-marked)
2022-04-05 16:22:56.914  INFO 26100 --- [main] com.mar.MainApplication                  : No active profile set, falling back to default profiles: default
2022-04-05 16:22:57.292  INFO 26100 --- [main] .s.d.r.c.RepositoryConfigurationDelegate : Multiple Spring Data modules found, entering strict repository configuration mode!
2022-04-05 16:22:57.292  INFO 26100 --- [main] .s.d.r.c.RepositoryConfigurationDelegate : Bootstrapping Spring Data JDBC repositories in DEFAULT mode.
2022-04-05 16:22:57.299  INFO 26100 --- [main] .s.d.r.c.RepositoryConfigurationDelegate : Finished Spring Data repository scanning in 4 ms. Found 0 JDBC repository interfaces.
2022-04-05 16:22:57.306  INFO 26100 --- [main] .s.d.r.c.RepositoryConfigurationDelegate : Multiple Spring Data modules found, entering strict repository configuration mode!
2022-04-05 16:22:57.307  INFO 26100 --- [main] .s.d.r.c.RepositoryConfigurationDelegate : Bootstrapping Spring Data Redis repositories in DEFAULT mode.
2022-04-05 16:22:57.313  INFO 26100 --- [main] .s.d.r.c.RepositoryConfigurationDelegate : Finished Spring Data repository scanning in 1 ms. Found 0 Redis repository interfaces.
2022-04-05 16:22:57.606  INFO 26100 --- [main] o.s.b.w.embedded.tomcat.TomcatWebServer  : Tomcat initialized with port(s): 8080 (http)
2022-04-05 16:22:57.612  INFO 26100 --- [main] o.apache.catalina.core.StandardService   : Starting service [Tomcat]
2022-04-05 16:22:57.612  INFO 26100 --- [main] org.apache.catalina.core.StandardEngine  : Starting Servlet engine: [Apache Tomcat/9.0.56]
2022-04-05 16:22:57.683  INFO 26100 --- [main] o.a.c.c.C.[Tomcat].[localhost].[/]       : Initializing Spring embedded WebApplicationContext
2022-04-05 16:22:57.683  INFO 26100 --- [main] w.s.c.ServletWebServerApplicationContext : Root WebApplicationContext: initialization completed in 743 ms
2022-04-05 16:22:57.764  INFO 26100 --- [main] com.zaxxer.hikari.HikariDataSource       : HikariPool-1 - Starting...
2022-04-05 16:22:58.184  INFO 26100 --- [main] com.zaxxer.hikari.HikariDataSource       : HikariPool-1 - Start completed.
2022-04-05 16:22:58.658  INFO 26100 --- [main] o.s.b.w.embedded.tomcat.TomcatWebServer  : Tomcat started on port(s): 8080 (http) with context path ''
2022-04-05 16:22:58.665  INFO 26100 --- [main] com.mar.MainApplication                  : Started MainApplication in 1.976 seconds (JVM running for 2.477)
2022-04-05 16:23:29.093  INFO 26100 --- [http-nio-8080-exec-1] o.apache.tomcat.util.http.parser.Cookie  : A cookie header was received [1647170875; _ga=GA1.1.2131883943.1647672916] that contained an invalid cookie. That cookie will be ignored.
 Note: further occurrences of this error will be logged at DEBUG level.
2022-04-05 16:23:29.097  INFO 26100 --- [http-nio-8080-exec-1] o.a.c.c.C.[Tomcat].[localhost].[/]       : Initializing Spring DispatcherServlet 'dispatcherServlet'
2022-04-05 16:23:29.098  INFO 26100 --- [http-nio-8080-exec-1] o.s.web.servlet.DispatcherServlet        : Initializing Servlet 'dispatcherServlet'
2022-04-05 16:23:29.098  INFO 26100 --- [http-nio-8080-exec-1] o.s.web.servlet.DispatcherServlet        : Completed initialization in 0 ms
2022-04-05 16:23:46.610  INFO 26100 --- [SpringApplicationShutdownHook] com.zaxxer.hikari.HikariDataSource       : HikariPool-1 - Shutdown initiated...
2022-04-05 16:23:46.865  INFO 26100 --- [SpringApplicationShutdownHook] com.zaxxer.hikari.HikariDataSource       : HikariPool-1 - Shutdown completed.
2022-04-05 16:23:50.105  INFO 13076 --- [main] com.mar.MainApplication                  : Starting MainApplication using Java 17.0.2 on DESKTOP-2N3PEKS with PID 13076 (E:\ideaprojects\second-hand-marked\second-hand-marked\target\classes started by guokaifeng in E:\ideaprojects\second-hand-marked\second-hand-marked)
2022-04-05 16:23:50.107  INFO 13076 --- [main] com.mar.MainApplication                  : No active profile set, falling back to default profiles: default
2022-04-05 16:23:50.423  INFO 13076 --- [main] .s.d.r.c.RepositoryConfigurationDelegate : Multiple Spring Data modules found, entering strict repository configuration mode!
2022-04-05 16:23:50.424  INFO 13076 --- [main] .s.d.r.c.RepositoryConfigurationDelegate : Bootstrapping Spring Data JDBC repositories in DEFAULT mode.
2022-04-05 16:23:50.430  INFO 13076 --- [main] .s.d.r.c.RepositoryConfigurationDelegate : Finished Spring Data repository scanning in 4 ms. Found 0 JDBC repository interfaces.
2022-04-05 16:23:50.436  INFO 13076 --- [main] .s.d.r.c.RepositoryConfigurationDelegate : Multiple Spring Data modules found, entering strict repository configuration mode!
2022-04-05 16:23:50.437  INFO 13076 --- [main] .s.d.r.c.RepositoryConfigurationDelegate : Bootstrapping Spring Data Redis repositories in DEFAULT mode.
2022-04-05 16:23:50.442  INFO 13076 --- [main] .s.d.r.c.RepositoryConfigurationDelegate : Finished Spring Data repository scanning in 1 ms. Found 0 Redis repository interfaces.
2022-04-05 16:23:50.687  INFO 13076 --- [main] o.s.b.w.embedded.tomcat.TomcatWebServer  : Tomcat initialized with port(s): 8080 (http)
2022-04-05 16:23:50.692  INFO 13076 --- [main] o.apache.catalina.core.StandardService   : Starting service [Tomcat]
2022-04-05 16:23:50.692  INFO 13076 --- [main] org.apache.catalina.core.StandardEngine  : Starting Servlet engine: [Apache Tomcat/9.0.56]
2022-04-05 16:23:50.756  INFO 13076 --- [main] o.a.c.c.C.[Tomcat].[localhost].[/]       : Initializing Spring embedded WebApplicationContext
2022-04-05 16:23:50.757  INFO 13076 --- [main] w.s.c.ServletWebServerApplicationContext : Root WebApplicationContext: initialization completed in 629 ms
2022-04-05 16:23:50.826  INFO 13076 --- [main] com.zaxxer.hikari.HikariDataSource       : HikariPool-1 - Starting...
2022-04-05 16:23:51.227  INFO 13076 --- [main] com.zaxxer.hikari.HikariDataSource       : HikariPool-1 - Start completed.
2022-04-05 16:23:51.638  INFO 13076 --- [main] o.s.b.w.embedded.tomcat.TomcatWebServer  : Tomcat started on port(s): 8080 (http) with context path ''
2022-04-05 16:23:51.645  INFO 13076 --- [main] com.mar.MainApplication                  : Started MainApplication in 1.722 seconds (JVM running for 2.104)
2022-04-05 16:23:52.332  INFO 13076 --- [http-nio-8080-exec-1] o.apache.tomcat.util.http.parser.Cookie  : A cookie header was received [1647170875; _ga=GA1.1.2131883943.1647672916] that contained an invalid cookie. That cookie will be ignored.
 Note: further occurrences of this error will be logged at DEBUG level.
2022-04-05 16:23:52.335  INFO 13076 --- [http-nio-8080-exec-1] o.a.c.c.C.[Tomcat].[localhost].[/]       : Initializing Spring DispatcherServlet 'dispatcherServlet'
2022-04-05 16:23:52.335  INFO 13076 --- [http-nio-8080-exec-1] o.s.web.servlet.DispatcherServlet        : Initializing Servlet 'dispatcherServlet'
2022-04-05 16:23:52.336  INFO 13076 --- [http-nio-8080-exec-1] o.s.web.servlet.DispatcherServlet        : Completed initialization in 1 ms
2022-04-05 17:00:26.213  INFO 13076 --- [SpringApplicationShutdownHook] com.zaxxer.hikari.HikariDataSource       : HikariPool-1 - Shutdown initiated...
2022-04-05 17:00:36.216  INFO 13076 --- [SpringApplicationShutdownHook] com.zaxxer.hikari.HikariDataSource       : HikariPool-1 - Shutdown completed.
2022-04-05 17:00:40.255  INFO 22740 --- [main] com.mar.MainApplication                  : Starting MainApplication using Java 17.0.2 on DESKTOP-2N3PEKS with PID 22740 (E:\ideaprojects\second-hand-marked\second-hand-marked\target\classes started by guokaifeng in E:\ideaprojects\second-hand-marked\second-hand-marked)
2022-04-05 17:00:40.257  INFO 22740 --- [main] com.mar.MainApplication                  : No active profile set, falling back to default profiles: default
2022-04-05 17:00:40.572  INFO 22740 --- [main] .s.d.r.c.RepositoryConfigurationDelegate : Multiple Spring Data modules found, entering strict repository configuration mode!
2022-04-05 17:00:40.573  INFO 22740 --- [main] .s.d.r.c.RepositoryConfigurationDelegate : Bootstrapping Spring Data JDBC repositories in DEFAULT mode.
2022-04-05 17:00:40.579  INFO 22740 --- [main] .s.d.r.c.RepositoryConfigurationDelegate : Finished Spring Data repository scanning in 4 ms. Found 0 JDBC repository interfaces.
2022-04-05 17:00:40.585  INFO 22740 --- [main] .s.d.r.c.RepositoryConfigurationDelegate : Multiple Spring Data modules found, entering strict repository configuration mode!
2022-04-05 17:00:40.586  INFO 22740 --- [main] .s.d.r.c.RepositoryConfigurationDelegate : Bootstrapping Spring Data Redis repositories in DEFAULT mode.
2022-04-05 17:00:40.592  INFO 22740 --- [main] .s.d.r.c.RepositoryConfigurationDelegate : Finished Spring Data repository scanning in 1 ms. Found 0 Redis repository interfaces.
2022-04-05 17:00:40.866  INFO 22740 --- [main] o.s.b.w.embedded.tomcat.TomcatWebServer  : Tomcat initialized with port(s): 8080 (http)
2022-04-05 17:00:40.870  INFO 22740 --- [main] o.apache.catalina.core.StandardService   : Starting service [Tomcat]
2022-04-05 17:00:40.870  INFO 22740 --- [main] org.apache.catalina.core.StandardEngine  : Starting Servlet engine: [Apache Tomcat/9.0.56]
2022-04-05 17:00:40.936  INFO 22740 --- [main] o.a.c.c.C.[Tomcat].[localhost].[/]       : Initializing Spring embedded WebApplicationContext
2022-04-05 17:00:40.936  INFO 22740 --- [main] w.s.c.ServletWebServerApplicationContext : Root WebApplicationContext: initialization completed in 657 ms
2022-04-05 17:00:41.004  INFO 22740 --- [main] com.zaxxer.hikari.HikariDataSource       : HikariPool-1 - Starting...
2022-04-05 17:00:41.394  INFO 22740 --- [main] com.zaxxer.hikari.HikariDataSource       : HikariPool-1 - Start completed.
2022-04-05 17:00:41.804  INFO 22740 --- [main] o.s.b.w.embedded.tomcat.TomcatWebServer  : Tomcat started on port(s): 8080 (http) with context path ''
2022-04-05 17:00:41.812  INFO 22740 --- [main] com.mar.MainApplication                  : Started MainApplication in 1.75 seconds (JVM running for 2.171)
2022-04-05 17:00:58.147  INFO 22740 --- [http-nio-8080-exec-1] o.apache.tomcat.util.http.parser.Cookie  : A cookie header was received [1647170875; _ga=GA1.1.2131883943.1647672916] that contained an invalid cookie. That cookie will be ignored.
 Note: further occurrences of this error will be logged at DEBUG level.
2022-04-05 17:00:58.151  INFO 22740 --- [http-nio-8080-exec-1] o.a.c.c.C.[Tomcat].[localhost].[/]       : Initializing Spring DispatcherServlet 'dispatcherServlet'
2022-04-05 17:00:58.152  INFO 22740 --- [http-nio-8080-exec-1] o.s.web.servlet.DispatcherServlet        : Initializing Servlet 'dispatcherServlet'
2022-04-05 17:00:58.152  INFO 22740 --- [http-nio-8080-exec-1] o.s.web.servlet.DispatcherServlet        : Completed initialization in 0 ms
2022-04-05 17:02:40.412  INFO 22740 --- [SpringApplicationShutdownHook] com.zaxxer.hikari.HikariDataSource       : HikariPool-1 - Shutdown initiated...
2022-04-05 17:02:40.681  INFO 22740 --- [SpringApplicationShutdownHook] com.zaxxer.hikari.HikariDataSource       : HikariPool-1 - Shutdown completed.
2022-04-05 17:02:43.982  INFO 26408 --- [main] com.mar.MainApplication                  : Starting MainApplication using Java 17.0.2 on DESKTOP-2N3PEKS with PID 26408 (E:\ideaprojects\second-hand-marked\second-hand-marked\target\classes started by guokaifeng in E:\ideaprojects\second-hand-marked\second-hand-marked)
2022-04-05 17:02:43.984  INFO 26408 --- [main] com.mar.MainApplication                  : No active profile set, falling back to default profiles: default
2022-04-05 17:02:44.295  INFO 26408 --- [main] .s.d.r.c.RepositoryConfigurationDelegate : Multiple Spring Data modules found, entering strict repository configuration mode!
2022-04-05 17:02:44.295  INFO 26408 --- [main] .s.d.r.c.RepositoryConfigurationDelegate : Bootstrapping Spring Data JDBC repositories in DEFAULT mode.
2022-04-05 17:02:44.302  INFO 26408 --- [main] .s.d.r.c.RepositoryConfigurationDelegate : Finished Spring Data repository scanning in 4 ms. Found 0 JDBC repository interfaces.
2022-04-05 17:02:44.308  INFO 26408 --- [main] .s.d.r.c.RepositoryConfigurationDelegate : Multiple Spring Data modules found, entering strict repository configuration mode!
2022-04-05 17:02:44.308  INFO 26408 --- [main] .s.d.r.c.RepositoryConfigurationDelegate : Bootstrapping Spring Data Redis repositories in DEFAULT mode.
2022-04-05 17:02:44.314  INFO 26408 --- [main] .s.d.r.c.RepositoryConfigurationDelegate : Finished Spring Data repository scanning in 1 ms. Found 0 Redis repository interfaces.
2022-04-05 17:02:44.564  INFO 26408 --- [main] o.s.b.w.embedded.tomcat.TomcatWebServer  : Tomcat initialized with port(s): 8080 (http)
2022-04-05 17:02:44.569  INFO 26408 --- [main] o.apache.catalina.core.StandardService   : Starting service [Tomcat]
2022-04-05 17:02:44.569  INFO 26408 --- [main] org.apache.catalina.core.StandardEngine  : Starting Servlet engine: [Apache Tomcat/9.0.56]
2022-04-05 17:02:44.634  INFO 26408 --- [main] o.a.c.c.C.[Tomcat].[localhost].[/]       : Initializing Spring embedded WebApplicationContext
2022-04-05 17:02:44.634  INFO 26408 --- [main] w.s.c.ServletWebServerApplicationContext : Root WebApplicationContext: initialization completed in 630 ms
2022-04-05 17:02:44.704  INFO 26408 --- [main] com.zaxxer.hikari.HikariDataSource       : HikariPool-1 - Starting...
2022-04-05 17:02:45.042  INFO 26408 --- [main] com.zaxxer.hikari.HikariDataSource       : HikariPool-1 - Start completed.
2022-04-05 17:02:45.484  INFO 26408 --- [main] o.s.b.w.embedded.tomcat.TomcatWebServer  : Tomcat started on port(s): 8080 (http) with context path ''
2022-04-05 17:02:45.490  INFO 26408 --- [main] com.mar.MainApplication                  : Started MainApplication in 1.696 seconds (JVM running for 2.077)
2022-04-05 17:02:46.342  INFO 26408 --- [http-nio-8080-exec-1] o.apache.tomcat.util.http.parser.Cookie  : A cookie header was received [1647170875; _ga=GA1.1.2131883943.1647672916] that contained an invalid cookie. That cookie will be ignored.
 Note: further occurrences of this error will be logged at DEBUG level.
2022-04-05 17:02:46.346  INFO 26408 --- [http-nio-8080-exec-1] o.a.c.c.C.[Tomcat].[localhost].[/]       : Initializing Spring DispatcherServlet 'dispatcherServlet'
2022-04-05 17:02:46.346  INFO 26408 --- [http-nio-8080-exec-1] o.s.web.servlet.DispatcherServlet        : Initializing Servlet 'dispatcherServlet'
2022-04-05 17:02:46.347  INFO 26408 --- [http-nio-8080-exec-1] o.s.web.servlet.DispatcherServlet        : Completed initialization in 1 ms
2022-04-05 17:04:29.157  INFO 18620 --- [main] com.guo.TotalTest                        : Starting TotalTest using Java 17.0.2 on DESKTOP-2N3PEKS with PID 18620 (started by guokaifeng in E:\ideaprojects\second-hand-marked\second-hand-marked)
2022-04-05 17:04:29.157 DEBUG 18620 --- [main] com.guo.TotalTest                        : Running with Spring Boot v2.6.3, Spring v5.3.15
2022-04-05 17:04:29.158  INFO 18620 --- [main] com.guo.TotalTest                        : No active profile set, falling back to default profiles: default
2022-04-05 17:04:29.569  INFO 18620 --- [main] .s.d.r.c.RepositoryConfigurationDelegate : Multiple Spring Data modules found, entering strict repository configuration mode!
2022-04-05 17:04:29.570  INFO 18620 --- [main] .s.d.r.c.RepositoryConfigurationDelegate : Bootstrapping Spring Data JDBC repositories in DEFAULT mode.
2022-04-05 17:04:29.578  INFO 18620 --- [main] .s.d.r.c.RepositoryConfigurationDelegate : Finished Spring Data repository scanning in 5 ms. Found 0 JDBC repository interfaces.
2022-04-05 17:04:29.589  INFO 18620 --- [main] .s.d.r.c.RepositoryConfigurationDelegate : Multiple Spring Data modules found, entering strict repository configuration mode!
2022-04-05 17:04:29.590  INFO 18620 --- [main] .s.d.r.c.RepositoryConfigurationDelegate : Bootstrapping Spring Data Redis repositories in DEFAULT mode.
2022-04-05 17:04:29.597  INFO 18620 --- [main] .s.d.r.c.RepositoryConfigurationDelegate : Finished Spring Data repository scanning in 2 ms. Found 0 Redis repository interfaces.
2022-04-05 17:04:29.969  INFO 18620 --- [main] com.zaxxer.hikari.HikariDataSource       : HikariPool-1 - Starting...
2022-04-05 17:04:30.446  INFO 18620 --- [main] com.zaxxer.hikari.HikariDataSource       : HikariPool-1 - Start completed.
2022-04-05 17:04:31.542  INFO 18620 --- [main] com.guo.TotalTest                        : Started TotalTest in 2.609 seconds (JVM running for 3.197)
2022-04-05 17:04:32.407  INFO 18620 --- [SpringApplicationShutdownHook] com.zaxxer.hikari.HikariDataSource       : HikariPool-1 - Shutdown initiated...
2022-04-05 17:04:32.650  INFO 18620 --- [SpringApplicationShutdownHook] com.zaxxer.hikari.HikariDataSource       : HikariPool-1 - Shutdown completed.
2022-04-05 17:09:51.258  INFO 17892 --- [main] com.guo.TotalTest                        : Starting TotalTest using Java 17.0.2 on DESKTOP-2N3PEKS with PID 17892 (started by guokaifeng in E:\ideaprojects\second-hand-marked\second-hand-marked)
2022-04-05 17:09:51.258 DEBUG 17892 --- [main] com.guo.TotalTest                        : Running with Spring Boot v2.6.3, Spring v5.3.15
2022-04-05 17:09:51.258  INFO 17892 --- [main] com.guo.TotalTest                        : No active profile set, falling back to default profiles: default
2022-04-05 17:09:51.698  INFO 17892 --- [main] .s.d.r.c.RepositoryConfigurationDelegate : Multiple Spring Data modules found, entering strict repository configuration mode!
2022-04-05 17:09:51.699  INFO 17892 --- [main] .s.d.r.c.RepositoryConfigurationDelegate : Bootstrapping Spring Data JDBC repositories in DEFAULT mode.
2022-04-05 17:09:51.708  INFO 17892 --- [main] .s.d.r.c.RepositoryConfigurationDelegate : Finished Spring Data repository scanning in 6 ms. Found 0 JDBC repository interfaces.
2022-04-05 17:09:51.719  INFO 17892 --- [main] .s.d.r.c.RepositoryConfigurationDelegate : Multiple Spring Data modules found, entering strict repository configuration mode!
2022-04-05 17:09:51.719  INFO 17892 --- [main] .s.d.r.c.RepositoryConfigurationDelegate : Bootstrapping Spring Data Redis repositories in DEFAULT mode.
2022-04-05 17:09:51.727  INFO 17892 --- [main] .s.d.r.c.RepositoryConfigurationDelegate : Finished Spring Data repository scanning in 2 ms. Found 0 Redis repository interfaces.
2022-04-05 17:09:52.147  INFO 17892 --- [main] com.zaxxer.hikari.HikariDataSource       : HikariPool-1 - Starting...
2022-04-05 17:09:52.192  INFO 26408 --- [SpringApplicationShutdownHook] com.zaxxer.hikari.HikariDataSource       : HikariPool-1 - Shutdown initiated...
2022-04-05 17:09:52.701  INFO 17892 --- [main] com.zaxxer.hikari.HikariDataSource       : HikariPool-1 - Start completed.
2022-04-05 17:09:53.838  INFO 17892 --- [main] com.guo.TotalTest                        : Started TotalTest in 2.819 seconds (JVM running for 3.376)
2022-04-05 17:09:54.724  INFO 17892 --- [SpringApplicationShutdownHook] com.zaxxer.hikari.HikariDataSource       : HikariPool-1 - Shutdown initiated...
2022-04-05 17:09:54.985  INFO 17892 --- [SpringApplicationShutdownHook] com.zaxxer.hikari.HikariDataSource       : HikariPool-1 - Shutdown completed.
2022-04-05 17:10:02.201  INFO 26408 --- [SpringApplicationShutdownHook] com.zaxxer.hikari.HikariDataSource       : HikariPool-1 - Shutdown completed.
2022-04-05 17:10:04.027  INFO 16028 --- [main] com.mar.MainApplication                  : Starting MainApplication using Java 17.0.2 on DESKTOP-2N3PEKS with PID 16028 (E:\ideaprojects\second-hand-marked\second-hand-marked\target\classes started by guokaifeng in E:\ideaprojects\second-hand-marked\second-hand-marked)
2022-04-05 17:10:04.029  INFO 16028 --- [main] com.mar.MainApplication                  : No active profile set, falling back to default profiles: default
2022-04-05 17:10:04.349  INFO 16028 --- [main] .s.d.r.c.RepositoryConfigurationDelegate : Multiple Spring Data modules found, entering strict repository configuration mode!
2022-04-05 17:10:04.350  INFO 16028 --- [main] .s.d.r.c.RepositoryConfigurationDelegate : Bootstrapping Spring Data JDBC repositories in DEFAULT mode.
2022-04-05 17:10:04.356  INFO 16028 --- [main] .s.d.r.c.RepositoryConfigurationDelegate : Finished Spring Data repository scanning in 4 ms. Found 0 JDBC repository interfaces.
2022-04-05 17:10:04.361  INFO 16028 --- [main] .s.d.r.c.RepositoryConfigurationDelegate : Multiple Spring Data modules found, entering strict repository configuration mode!
2022-04-05 17:10:04.362  INFO 16028 --- [main] .s.d.r.c.RepositoryConfigurationDelegate : Bootstrapping Spring Data Redis repositories in DEFAULT mode.
2022-04-05 17:10:04.368  INFO 16028 --- [main] .s.d.r.c.RepositoryConfigurationDelegate : Finished Spring Data repository scanning in 1 ms. Found 0 Redis repository interfaces.
2022-04-05 17:10:04.626  INFO 16028 --- [main] o.s.b.w.embedded.tomcat.TomcatWebServer  : Tomcat initialized with port(s): 8080 (http)
2022-04-05 17:10:04.632  INFO 16028 --- [main] o.apache.catalina.core.StandardService   : Starting service [Tomcat]
2022-04-05 17:10:04.632  INFO 16028 --- [main] org.apache.catalina.core.StandardEngine  : Starting Servlet engine: [Apache Tomcat/9.0.56]
2022-04-05 17:10:04.698  INFO 16028 --- [main] o.a.c.c.C.[Tomcat].[localhost].[/]       : Initializing Spring embedded WebApplicationContext
2022-04-05 17:10:04.698  INFO 16028 --- [main] w.s.c.ServletWebServerApplicationContext : Root WebApplicationContext: initialization completed in 643 ms
2022-04-05 17:10:04.768  INFO 16028 --- [main] com.zaxxer.hikari.HikariDataSource       : HikariPool-1 - Starting...
2022-04-05 17:10:05.114  INFO 16028 --- [main] com.zaxxer.hikari.HikariDataSource       : HikariPool-1 - Start completed.
2022-04-05 17:10:05.545  INFO 16028 --- [main] o.s.b.w.embedded.tomcat.TomcatWebServer  : Tomcat started on port(s): 8080 (http) with context path ''
2022-04-05 17:10:05.552  INFO 16028 --- [main] com.mar.MainApplication                  : Started MainApplication in 1.715 seconds (JVM running for 2.18)
2022-04-05 17:10:07.529  INFO 16028 --- [http-nio-8080-exec-1] o.a.c.c.C.[Tomcat].[localhost].[/]       : Initializing Spring DispatcherServlet 'dispatcherServlet'
2022-04-05 17:10:07.529  INFO 16028 --- [http-nio-8080-exec-1] o.s.web.servlet.DispatcherServlet        : Initializing Servlet 'dispatcherServlet'
2022-04-05 17:10:07.530  INFO 16028 --- [http-nio-8080-exec-1] o.s.web.servlet.DispatcherServlet        : Completed initialization in 1 ms
2022-04-05 17:11:53.663  INFO 16028 --- [http-nio-8080-exec-4] o.apache.tomcat.util.http.parser.Cookie  : A cookie header was received [1647170875; _ga=GA1.1.2131883943.1647672916] that contained an invalid cookie. That cookie will be ignored.
 Note: further occurrences of this error will be logged at DEBUG level.
2022-04-05 17:12:04.242 ERROR 16028 --- [http-nio-8080-exec-5] o.a.c.c.C.[.[.[/].[dispatcherServlet]    : Servlet.service() for servlet [dispatcherServlet] in context with path [] threw exception [Request processing failed; nested exception is org.springframework.dao.DataIntegrityViolationException: 
### Error updating database.  Cause: com.mysql.cj.jdbc.exceptions.MysqlDataTruncation: Data truncation: Out of range value for column 'phone' at row 1
### The error may exist in com/mar/bean/mapper/UserMapper.xml
### The error may involve defaultParameterMap
### The error occurred while setting parameters
### SQL: insert into app_user (phone, password,salt)         values (?,?,?)
### Cause: com.mysql.cj.jdbc.exceptions.MysqlDataTruncation: Data truncation: Out of range value for column 'phone' at row 1
; Data truncation: Out of range value for column 'phone' at row 1; nested exception is com.mysql.cj.jdbc.exceptions.MysqlDataTruncation: Data truncation: Out of range value for column 'phone' at row 1] with root cause

com.mysql.cj.jdbc.exceptions.MysqlDataTruncation: Data truncation: Out of range value for column 'phone' at row 1
	at com.mysql.cj.jdbc.exceptions.SQLExceptionsMapping.translateException(SQLExceptionsMapping.java:104) ~[mysql-connector-java-8.0.28.jar:8.0.28]
	at com.mysql.cj.jdbc.ClientPreparedStatement.executeInternal(ClientPreparedStatement.java:953) ~[mysql-connector-java-8.0.28.jar:8.0.28]
	at com.mysql.cj.jdbc.ClientPreparedStatement.execute(ClientPreparedStatement.java:371) ~[mysql-connector-java-8.0.28.jar:8.0.28]
	at com.zaxxer.hikari.pool.ProxyPreparedStatement.execute(ProxyPreparedStatement.java:44) ~[HikariCP-4.0.3.jar:na]
	at com.zaxxer.hikari.pool.HikariProxyPreparedStatement.execute(HikariProxyPreparedStatement.java) ~[HikariCP-4.0.3.jar:na]
	at org.apache.ibatis.executor.statement.PreparedStatementHandler.update(PreparedStatementHandler.java:47) ~[mybatis-3.5.6.jar:3.5.6]
	at org.apache.ibatis.executor.statement.RoutingStatementHandler.update(RoutingStatementHandler.java:74) ~[mybatis-3.5.6.jar:3.5.6]
	at org.apache.ibatis.executor.SimpleExecutor.doUpdate(SimpleExecutor.java:50) ~[mybatis-3.5.6.jar:3.5.6]
	at org.apache.ibatis.executor.BaseExecutor.update(BaseExecutor.java:117) ~[mybatis-3.5.6.jar:3.5.6]
	at org.apache.ibatis.executor.CachingExecutor.update(CachingExecutor.java:76) ~[mybatis-3.5.6.jar:3.5.6]
	at org.apache.ibatis.session.defaults.DefaultSqlSession.update(DefaultSqlSession.java:197) ~[mybatis-3.5.6.jar:3.5.6]
	at org.apache.ibatis.session.defaults.DefaultSqlSession.insert(DefaultSqlSession.java:184) ~[mybatis-3.5.6.jar:3.5.6]
	at java.base/jdk.internal.reflect.NativeMethodAccessorImpl.invoke0(Native Method) ~[na:na]
	at java.base/jdk.internal.reflect.NativeMethodAccessorImpl.invoke(NativeMethodAccessorImpl.java:77) ~[na:na]
	at java.base/jdk.internal.reflect.DelegatingMethodAccessorImpl.invoke(DelegatingMethodAccessorImpl.java:43) ~[na:na]
	at java.base/java.lang.reflect.Method.invoke(Method.java:568) ~[na:na]
	at org.mybatis.spring.SqlSessionTemplate$SqlSessionInterceptor.invoke(SqlSessionTemplate.java:427) ~[mybatis-spring-2.0.6.jar:2.0.6]
	at jdk.proxy2/jdk.proxy2.$Proxy70.insert(Unknown Source) ~[na:na]
	at org.mybatis.spring.SqlSessionTemplate.insert(SqlSessionTemplate.java:272) ~[mybatis-spring-2.0.6.jar:2.0.6]
	at com.baomidou.mybatisplus.core.override.PageMapperMethod.execute(PageMapperMethod.java:68) ~[mybatis-plus-core-3.0.3.jar:na]
	at com.baomidou.mybatisplus.core.override.PageMapperProxy.invoke(PageMapperProxy.java:64) ~[mybatis-plus-core-3.0.3.jar:na]
	at jdk.proxy2/jdk.proxy2.$Proxy73.registerUser(Unknown Source) ~[na:na]
	at java.base/jdk.internal.reflect.NativeMethodAccessorImpl.invoke0(Native Method) ~[na:na]
	at java.base/jdk.internal.reflect.NativeMethodAccessorImpl.invoke(NativeMethodAccessorImpl.java:77) ~[na:na]
	at java.base/jdk.internal.reflect.DelegatingMethodAccessorImpl.invoke(DelegatingMethodAccessorImpl.java:43) ~[na:na]
	at java.base/java.lang.reflect.Method.invoke(Method.java:568) ~[na:na]
	at org.springframework.aop.support.AopUtils.invokeJoinpointUsingReflection(AopUtils.java:344) ~[spring-aop-5.3.15.jar:5.3.15]
	at org.springframework.aop.framework.ReflectiveMethodInvocation.invokeJoinpoint(ReflectiveMethodInvocation.java:198) ~[spring-aop-5.3.15.jar:5.3.15]
	at org.springframework.aop.framework.ReflectiveMethodInvocation.proceed(ReflectiveMethodInvocation.java:163) ~[spring-aop-5.3.15.jar:5.3.15]
	at org.springframework.dao.support.PersistenceExceptionTranslationInterceptor.invoke(PersistenceExceptionTranslationInterceptor.java:137) ~[spring-tx-5.3.15.jar:5.3.15]
	at org.springframework.aop.framework.ReflectiveMethodInvocation.proceed(ReflectiveMethodInvocation.java:186) ~[spring-aop-5.3.15.jar:5.3.15]
	at org.springframework.aop.framework.JdkDynamicAopProxy.invoke(JdkDynamicAopProxy.java:215) ~[spring-aop-5.3.15.jar:5.3.15]
	at jdk.proxy2/jdk.proxy2.$Proxy74.registerUser(Unknown Source) ~[na:na]
	at com.mar.service.impl.UserServiceImpl.userRegister(UserServiceImpl.java:85) ~[classes/:na]
	at com.mar.controller.UserController.userRegister(UserController.java:56) ~[classes/:na]
	at java.base/jdk.internal.reflect.NativeMethodAccessorImpl.invoke0(Native Method) ~[na:na]
	at java.base/jdk.internal.reflect.NativeMethodAccessorImpl.invoke(NativeMethodAccessorImpl.java:77) ~[na:na]
	at java.base/jdk.internal.reflect.DelegatingMethodAccessorImpl.invoke(DelegatingMethodAccessorImpl.java:43) ~[na:na]
	at java.base/java.lang.reflect.Method.invoke(Method.java:568) ~[na:na]
	at org.springframework.web.method.support.InvocableHandlerMethod.doInvoke(InvocableHandlerMethod.java:205) ~[spring-web-5.3.15.jar:5.3.15]
	at org.springframework.web.method.support.InvocableHandlerMethod.invokeForRequest(InvocableHandlerMethod.java:150) ~[spring-web-5.3.15.jar:5.3.15]
	at org.springframework.web.servlet.mvc.method.annotation.ServletInvocableHandlerMethod.invokeAndHandle(ServletInvocableHandlerMethod.java:117) ~[spring-webmvc-5.3.15.jar:5.3.15]
	at org.springframework.web.servlet.mvc.method.annotation.RequestMappingHandlerAdapter.invokeHandlerMethod(RequestMappingHandlerAdapter.java:895) ~[spring-webmvc-5.3.15.jar:5.3.15]
	at org.springframework.web.servlet.mvc.method.annotation.RequestMappingHandlerAdapter.handleInternal(RequestMappingHandlerAdapter.java:808) ~[spring-webmvc-5.3.15.jar:5.3.15]
	at org.springframework.web.servlet.mvc.method.AbstractHandlerMethodAdapter.handle(AbstractHandlerMethodAdapter.java:87) ~[spring-webmvc-5.3.15.jar:5.3.15]
	at org.springframework.web.servlet.DispatcherServlet.doDispatch(DispatcherServlet.java:1067) ~[spring-webmvc-5.3.15.jar:5.3.15]
	at org.springframework.web.servlet.DispatcherServlet.doService(DispatcherServlet.java:963) ~[spring-webmvc-5.3.15.jar:5.3.15]
	at org.springframework.web.servlet.FrameworkServlet.processRequest(FrameworkServlet.java:1006) ~[spring-webmvc-5.3.15.jar:5.3.15]
	at org.springframework.web.servlet.FrameworkServlet.doPost(FrameworkServlet.java:909) ~[spring-webmvc-5.3.15.jar:5.3.15]
	at javax.servlet.http.HttpServlet.service(HttpServlet.java:681) ~[tomcat-embed-core-9.0.56.jar:4.0.FR]
	at org.springframework.web.servlet.FrameworkServlet.service(FrameworkServlet.java:883) ~[spring-webmvc-5.3.15.jar:5.3.15]
	at javax.servlet.http.HttpServlet.service(HttpServlet.java:764) ~[tomcat-embed-core-9.0.56.jar:4.0.FR]
	at org.apache.catalina.core.ApplicationFilterChain.internalDoFilter(ApplicationFilterChain.java:227) ~[tomcat-embed-core-9.0.56.jar:9.0.56]
	at org.apache.catalina.core.ApplicationFilterChain.doFilter(ApplicationFilterChain.java:162) ~[tomcat-embed-core-9.0.56.jar:9.0.56]
	at org.apache.tomcat.websocket.server.WsFilter.doFilter(WsFilter.java:53) ~[tomcat-embed-websocket-9.0.56.jar:9.0.56]
	at org.apache.catalina.core.ApplicationFilterChain.internalDoFilter(ApplicationFilterChain.java:189) ~[tomcat-embed-core-9.0.56.jar:9.0.56]
	at org.apache.catalina.core.ApplicationFilterChain.doFilter(ApplicationFilterChain.java:162) ~[tomcat-embed-core-9.0.56.jar:9.0.56]
	at org.springframework.web.filter.RequestContextFilter.doFilterInternal(RequestContextFilter.java:100) ~[spring-web-5.3.15.jar:5.3.15]
	at org.springframework.web.filter.OncePerRequestFilter.doFilter(OncePerRequestFilter.java:117) ~[spring-web-5.3.15.jar:5.3.15]
	at org.apache.catalina.core.ApplicationFilterChain.internalDoFilter(ApplicationFilterChain.java:189) ~[tomcat-embed-core-9.0.56.jar:9.0.56]
	at org.apache.catalina.core.ApplicationFilterChain.doFilter(ApplicationFilterChain.java:162) ~[tomcat-embed-core-9.0.56.jar:9.0.56]
	at org.springframework.web.filter.FormContentFilter.doFilterInternal(FormContentFilter.java:93) ~[spring-web-5.3.15.jar:5.3.15]
	at org.springframework.web.filter.OncePerRequestFilter.doFilter(OncePerRequestFilter.java:117) ~[spring-web-5.3.15.jar:5.3.15]
	at org.apache.catalina.core.ApplicationFilterChain.internalDoFilter(ApplicationFilterChain.java:189) ~[tomcat-embed-core-9.0.56.jar:9.0.56]
	at org.apache.catalina.core.ApplicationFilterChain.doFilter(ApplicationFilterChain.java:162) ~[tomcat-embed-core-9.0.56.jar:9.0.56]
	at org.springframework.web.filter.CharacterEncodingFilter.doFilterInternal(CharacterEncodingFilter.java:201) ~[spring-web-5.3.15.jar:5.3.15]
	at org.springframework.web.filter.OncePerRequestFilter.doFilter(OncePerRequestFilter.java:117) ~[spring-web-5.3.15.jar:5.3.15]
	at org.apache.catalina.core.ApplicationFilterChain.internalDoFilter(ApplicationFilterChain.java:189) ~[tomcat-embed-core-9.0.56.jar:9.0.56]
	at org.apache.catalina.core.ApplicationFilterChain.doFilter(ApplicationFilterChain.java:162) ~[tomcat-embed-core-9.0.56.jar:9.0.56]
	at org.apache.catalina.core.StandardWrapperValve.invoke(StandardWrapperValve.java:197) ~[tomcat-embed-core-9.0.56.jar:9.0.56]
	at org.apache.catalina.core.StandardContextValve.invoke(StandardContextValve.java:97) ~[tomcat-embed-core-9.0.56.jar:9.0.56]
	at org.apache.catalina.authenticator.AuthenticatorBase.invoke(AuthenticatorBase.java:540) ~[tomcat-embed-core-9.0.56.jar:9.0.56]
	at org.apache.catalina.core.StandardHostValve.invoke(StandardHostValve.java:135) ~[tomcat-embed-core-9.0.56.jar:9.0.56]
	at org.apache.catalina.valves.ErrorReportValve.invoke(ErrorReportValve.java:92) ~[tomcat-embed-core-9.0.56.jar:9.0.56]
	at org.apache.catalina.core.StandardEngineValve.invoke(StandardEngineValve.java:78) ~[tomcat-embed-core-9.0.56.jar:9.0.56]
	at org.apache.catalina.connector.CoyoteAdapter.service(CoyoteAdapter.java:357) ~[tomcat-embed-core-9.0.56.jar:9.0.56]
	at org.apache.coyote.http11.Http11Processor.service(Http11Processor.java:382) ~[tomcat-embed-core-9.0.56.jar:9.0.56]
	at org.apache.coyote.AbstractProcessorLight.process(AbstractProcessorLight.java:65) ~[tomcat-embed-core-9.0.56.jar:9.0.56]
	at org.apache.coyote.AbstractProtocol$ConnectionHandler.process(AbstractProtocol.java:895) ~[tomcat-embed-core-9.0.56.jar:9.0.56]
	at org.apache.tomcat.util.net.NioEndpoint$SocketProcessor.doRun(NioEndpoint.java:1732) ~[tomcat-embed-core-9.0.56.jar:9.0.56]
	at org.apache.tomcat.util.net.SocketProcessorBase.run(SocketProcessorBase.java:49) ~[tomcat-embed-core-9.0.56.jar:9.0.56]
	at org.apache.tomcat.util.threads.ThreadPoolExecutor.runWorker(ThreadPoolExecutor.java:1191) ~[tomcat-embed-core-9.0.56.jar:9.0.56]
	at org.apache.tomcat.util.threads.ThreadPoolExecutor$Worker.run(ThreadPoolExecutor.java:659) ~[tomcat-embed-core-9.0.56.jar:9.0.56]
	at org.apache.tomcat.util.threads.TaskThread$WrappingRunnable.run(TaskThread.java:61) ~[tomcat-embed-core-9.0.56.jar:9.0.56]
	at java.base/java.lang.Thread.run(Thread.java:833) ~[na:na]

2022-04-05 17:23:58.088  INFO 16028 --- [SpringApplicationShutdownHook] com.zaxxer.hikari.HikariDataSource       : HikariPool-1 - Shutdown initiated...
2022-04-05 17:24:08.098  INFO 16028 --- [SpringApplicationShutdownHook] com.zaxxer.hikari.HikariDataSource       : HikariPool-1 - Shutdown completed.
